  stdafx.cpp
  CPosVideoDemo.cpp
  CPosVideoDemoDlg.cpp
C:\Users\Ivan Lee\Documents\Software project\Machine learning\AI\CPOS\C-H264ToTCPClient\CPosVideoDemo\CPosVideoDemoDlg.cpp(2): warning C4603: '_WINSOCK_DEPRECATED_NO_WARNINGS': macro is not defined or definition is different after precompiled header use
C:\Users\Ivan Lee\Documents\Software project\Machine learning\AI\CPOS\C-H264ToTCPClient\CPosVideoDemo\CPosVideoDemoDlg.cpp(2): message : Add macro to precompiled header instead of defining here
C:\Users\Ivan Lee\Documents\Software project\Machine learning\AI\CPOS\C-H264ToTCPClient\CPosVideoDemo\CPosVideoDemoDlg.cpp(7): message : use of precompiled header
C:\Users\Ivan Lee\Documents\Software project\Machine learning\AI\CPOS\C-H264ToTCPClient\CPosVideoDemo\NetSdk.h(626,1): warning C4819: The file contains a character that cannot be represented in the current code page (949). Save the file in Unicode format to prevent data loss
C:\Users\Ivan Lee\Documents\Software project\Machine learning\AI\CPOS\C-H264ToTCPClient\CPosVideoDemo\NetSdk.h(2144,1): warning C4819: The file contains a character that cannot be represented in the current code page (949). Save the file in Unicode format to prevent data loss
C:\Users\Ivan Lee\Documents\Software project\Machine learning\AI\CPOS\C-H264ToTCPClient\CPosVideoDemo\CPosVideoDemoDlg.cpp(171,16): warning C4477: 'sprintf' : format string '%s' requires an argument of type 'char *', but variadic argument 1 has type 'LPWSTR'
C:\Users\Ivan Lee\Documents\Software project\Machine learning\AI\CPOS\C-H264ToTCPClient\CPosVideoDemo\CPosVideoDemoDlg.cpp(171,16): message : consider using '%ls' in the format string
C:\Users\Ivan Lee\Documents\Software project\Machine learning\AI\CPOS\C-H264ToTCPClient\CPosVideoDemo\CPosVideoDemoDlg.cpp(171,16): message : consider using '%lls' in the format string
C:\Users\Ivan Lee\Documents\Software project\Machine learning\AI\CPOS\C-H264ToTCPClient\CPosVideoDemo\CPosVideoDemoDlg.cpp(171,16): message : consider using '%Ls' in the format string
C:\Users\Ivan Lee\Documents\Software project\Machine learning\AI\CPOS\C-H264ToTCPClient\CPosVideoDemo\CPosVideoDemoDlg.cpp(171,16): message : consider using '%ws' in the format string
C:\Users\Ivan Lee\Documents\Software project\Machine learning\AI\CPOS\C-H264ToTCPClient\CPosVideoDemo\CPosVideoDemoDlg.cpp(171,16): warning C4477: 'sprintf' : format string '%s' requires an argument of type 'char *', but variadic argument 2 has type 'LPWSTR'
C:\Users\Ivan Lee\Documents\Software project\Machine learning\AI\CPOS\C-H264ToTCPClient\CPosVideoDemo\CPosVideoDemoDlg.cpp(171,16): message : consider using '%ls' in the format string
C:\Users\Ivan Lee\Documents\Software project\Machine learning\AI\CPOS\C-H264ToTCPClient\CPosVideoDemo\CPosVideoDemoDlg.cpp(171,16): message : consider using '%lls' in the format string
C:\Users\Ivan Lee\Documents\Software project\Machine learning\AI\CPOS\C-H264ToTCPClient\CPosVideoDemo\CPosVideoDemoDlg.cpp(171,16): message : consider using '%Ls' in the format string
C:\Users\Ivan Lee\Documents\Software project\Machine learning\AI\CPOS\C-H264ToTCPClient\CPosVideoDemo\CPosVideoDemoDlg.cpp(171,16): message : consider using '%ws' in the format string
C:\Users\Ivan Lee\Documents\Software project\Machine learning\AI\CPOS\C-H264ToTCPClient\CPosVideoDemo\CPosVideoDemoDlg.cpp(171,16): warning C4477: 'sprintf' : format string '%s' requires an argument of type 'char *', but variadic argument 3 has type 'LPWSTR'
C:\Users\Ivan Lee\Documents\Software project\Machine learning\AI\CPOS\C-H264ToTCPClient\CPosVideoDemo\CPosVideoDemoDlg.cpp(171,16): message : consider using '%ls' in the format string
C:\Users\Ivan Lee\Documents\Software project\Machine learning\AI\CPOS\C-H264ToTCPClient\CPosVideoDemo\CPosVideoDemoDlg.cpp(171,16): message : consider using '%lls' in the format string
C:\Users\Ivan Lee\Documents\Software project\Machine learning\AI\CPOS\C-H264ToTCPClient\CPosVideoDemo\CPosVideoDemoDlg.cpp(171,16): message : consider using '%Ls' in the format string
C:\Users\Ivan Lee\Documents\Software project\Machine learning\AI\CPOS\C-H264ToTCPClient\CPosVideoDemo\CPosVideoDemoDlg.cpp(171,16): message : consider using '%ws' in the format string
C:\Users\Ivan Lee\Documents\Software project\Machine learning\AI\CPOS\C-H264ToTCPClient\CPosVideoDemo\CPosVideoDemoDlg.cpp(171,16): warning C4477: 'sprintf' : format string '%s' requires an argument of type 'char *', but variadic argument 4 has type 'LPWSTR'
C:\Users\Ivan Lee\Documents\Software project\Machine learning\AI\CPOS\C-H264ToTCPClient\CPosVideoDemo\CPosVideoDemoDlg.cpp(171,16): message : consider using '%ls' in the format string
C:\Users\Ivan Lee\Documents\Software project\Machine learning\AI\CPOS\C-H264ToTCPClient\CPosVideoDemo\CPosVideoDemoDlg.cpp(171,16): message : consider using '%lls' in the format string
C:\Users\Ivan Lee\Documents\Software project\Machine learning\AI\CPOS\C-H264ToTCPClient\CPosVideoDemo\CPosVideoDemoDlg.cpp(171,16): message : consider using '%Ls' in the format string
C:\Users\Ivan Lee\Documents\Software project\Machine learning\AI\CPOS\C-H264ToTCPClient\CPosVideoDemo\CPosVideoDemoDlg.cpp(171,16): message : consider using '%ws' in the format string
C:\Users\Ivan Lee\Documents\Software project\Machine learning\AI\CPOS\C-H264ToTCPClient\CPosVideoDemo\CPosVideoDemoDlg.cpp(171,2): warning C4996: 'sprintf': This function or variable may be unsafe. Consider using sprintf_s instead. To disable deprecation, use _CRT_SECURE_NO_WARNINGS. See online help for details.
C:\Users\Ivan Lee\Documents\Software project\Machine learning\AI\CPOS\C-H264ToTCPClient\CPosVideoDemo\CPosVideoDemoDlg.cpp(602,32): warning C4996: 'inet_addr': Use inet_pton() or InetPton() instead or define _WINSOCK_DEPRECATED_NO_WARNINGS to disable deprecated API warnings
C:\Users\Ivan Lee\Documents\Software project\Machine learning\AI\CPOS\C-H264ToTCPClient\CPosVideoDemo\CPosVideoDemoDlg.cpp(592,7): warning C4101: 'buff': unreferenced local variable
C:\Users\Ivan Lee\Documents\Software project\Machine learning\AI\CPOS\C-H264ToTCPClient\CPosVideoDemo\CPosVideoDemoDlg.cpp(673,2): warning C4996: 'sprintf': This function or variable may be unsafe. Consider using sprintf_s instead. To disable deprecation, use _CRT_SECURE_NO_WARNINGS. See online help for details.
  Generating code
  Previous IPDB not found, fall back to full compilation.
  All 342 functions were compiled because no usable IPDB/IOBJ from previous compilation was found.
  Finished generating code
  CPosVideoDemo.vcxproj -> C:\Users\Ivan Lee\Documents\Software project\Machine learning\AI\CPOS\C-H264ToTCPClient\Release\CPosVideoDemo.exe
